\BOOKMARK [0][-]{chapter.1}{Prologue}{}% 1
\BOOKMARK [0][-]{chapter.2}{Neo Bodhum 003AF}{}% 2
\BOOKMARK [0][-]{chapter.3}{Bresha Ruins 005AF}{}% 3
\BOOKMARK [0][-]{chapter.4}{New Bodhum 003AF}{}% 4
\BOOKMARK [0][-]{chapter.5}{Bresha Ruins 005AF}{}% 5
\BOOKMARK [0][-]{chapter.6}{Yaschas Massif 010AF}{}% 6
\BOOKMARK [0][-]{chapter.7}{Sunleth Waterscape 300AF}{}% 7
\BOOKMARK [0][-]{chapter.8}{Colosseum ???AF}{}% 8
\BOOKMARK [0][-]{chapter.9}{Sunleth Waterscape 300AF}{}% 9
\BOOKMARK [0][-]{chapter.10}{Archlyte Steppe ???AF}{}% 10
\BOOKMARK [0][-]{chapter.11}{Sunleth Waterscape 300AF}{}% 11
\BOOKMARK [0][-]{chapter.12}{Oerba 200AF}{}% 12
\BOOKMARK [0][-]{chapter.13}{Yaschas Massif 01XAF}{}% 13
\BOOKMARK [0][-]{chapter.14}{Augusta Tower 300AF}{}% 14
\BOOKMARK [0][-]{chapter.15}{Yaschas Massif 01XAF}{}% 15
\BOOKMARK [0][-]{chapter.16}{Void Beyond ??? AF}{}% 16
\BOOKMARK [0][-]{chapter.17}{Serendipity ???AF}{}% 17
\BOOKMARK [0][-]{chapter.18}{Archlyte Steppe ???AF}{}% 18
\BOOKMARK [0][-]{chapter.19}{Academia 400F}{}% 19
\BOOKMARK [0][-]{chapter.20}{Augusta Tower 200AF}{}% 20
\BOOKMARK [0][-]{chapter.21}{Academia 400F}{}% 21
\BOOKMARK [0][-]{chapter.22}{Yaschas Massif 100AF}{}% 22
\BOOKMARK [0][-]{chapter.23}{Academia 4XXAF}{}% 23
\BOOKMARK [0][-]{chapter.24}{Void Beyond ??? AF}{}% 24
\BOOKMARK [0][-]{chapter.25}{Dying World 700AF}{}% 25
\BOOKMARK [0][-]{chapter.26}{New Bodhum 700AF}{}% 26
\BOOKMARK [0][-]{chapter.27}{Serendipity ???AF}{}% 27
\BOOKMARK [0][-]{chapter.28}{Academia 500F}{}% 28
